Flow report for CacheMoney
Wed Mar 03 21:15:21 2010
Quartus II Version 9.0 Build 132 02/25/2009 SJ Full Version


---------------------
; Table of Contents ;
---------------------
  1. Legal Notice
  2. Flow Summary
  3. Flow Settings
  4. Flow Non-Default Global Settings
  5. Flow Elapsed Time
  6. Flow OS Summary
  7. Flow Log



----------------
; Legal Notice ;
----------------
Copyright (C) 1991-2009 Altera Corporation
Your use of Altera Corporation's design tools, logic functions 
and other software and tools, and its AMPP partner logic 
functions, and any output files from any of the foregoing 
(including device programming or simulation files), and any 
associated documentation or information are expressly subject 
to the terms and conditions of the Altera Program License 
Subscription Agreement, Altera MegaCore Function License 
Agreement, or other applicable license agreement, including, 
without limitation, that your use is for the sole purpose of 
programming logic devices manufactured by Altera and sold by 
Altera or its authorized distributors.  Please refer to the 
applicable agreement for further details.



+-------------------------------------------------------------------------------+
; Flow Summary                                                                  ;
+------------------------------------+------------------------------------------+
; Flow Status                        ; Successful - Wed Mar 03 21:15:20 2010    ;
; Quartus II Version                 ; 9.0 Build 132 02/25/2009 SJ Full Version ;
; Revision Name                      ; CacheMoney                               ;
; Top-level Entity Name              ; Register32bit                            ;
; Family                             ; Cyclone II                               ;
; Device                             ; EP2C35F672C6                             ;
; Timing Models                      ; Final                                    ;
; Met timing requirements            ; Yes                                      ;
; Total logic elements               ; 32 / 33,216 ( < 1 % )                    ;
;     Total combinational functions  ; 0 / 33,216 ( 0 % )                       ;
;     Dedicated logic registers      ; 32 / 33,216 ( < 1 % )                    ;
; Total registers                    ; 32                                       ;
; Total pins                         ; 67 / 475 ( 14 % )                        ;
; Total virtual pins                 ; 0                                        ;
; Total memory bits                  ; 0 / 483,840 ( 0 % )                      ;
; Embedded Multiplier 9-bit elements ; 0 / 70 ( 0 % )                           ;
; Total PLLs                         ; 0 / 4 ( 0 % )                            ;
+------------------------------------+------------------------------------------+


+-----------------------------------------+
; Flow Settings                           ;
+-------------------+---------------------+
; Option            ; Setting             ;
+-------------------+---------------------+
; Start date & time ; 03/03/2010 21:14:42 ;
; Main task         ; Compilation         ;
; Revision Name     ; CacheMoney          ;
+-------------------+---------------------+


+-------------------------------------------------------------------------------------------------------------------+
; Flow Non-Default Global Settings                                                                                  ;
+------------------------------------+-----------------------------+---------------+---------------+----------------+
; Assignment Name                    ; Value                       ; Default Value ; Entity Name   ; Section Id     ;
+------------------------------------+-----------------------------+---------------+---------------+----------------+
; COMPILER_SIGNATURE_ID              ; 88145984010.126767248200204 ; --            ; --            ; --             ;
; CYCLONEII_OPTIMIZATION_TECHNIQUE   ; Area                        ; Balanced      ; --            ; --             ;
; MAX_CORE_JUNCTION_TEMP             ; 85                          ; --            ; --            ; --             ;
; MIN_CORE_JUNCTION_TEMP             ; 0                           ; --            ; --            ; --             ;
; PARTITION_COLOR                    ; 16764057                    ; --            ; Register32bit ; Top            ;
; PARTITION_NETLIST_TYPE             ; SOURCE                      ; --            ; Register32bit ; Top            ;
; TOP_LEVEL_ENTITY                   ; Register32bit               ; CacheMoney    ; --            ; --             ;
; USE_GENERATED_PHYSICAL_CONSTRAINTS ; Off                         ; --            ; --            ; eda_blast_fpga ;
+------------------------------------+-----------------------------+---------------+---------------+----------------+


+-----------------------------------------------------------------------------------------------------------------------------+
; Flow Elapsed Time                                                                                                           ;
+-------------------------+--------------+-------------------------+---------------------+------------------------------------+
; Module Name             ; Elapsed Time ; Average Processors Used ; Peak Virtual Memory ; Total CPU Time (on all processors) ;
+-------------------------+--------------+-------------------------+---------------------+------------------------------------+
; Analysis & Synthesis    ; 00:00:04     ; 1.0                     ; 196 MB              ; 00:00:02                           ;
; Fitter                  ; 00:00:13     ; 1.0                     ; 249 MB              ; 00:00:11                           ;
; Assembler               ; 00:00:11     ; 1.0                     ; 218 MB              ; 00:00:07                           ;
; Classic Timing Analyzer ; 00:00:02     ; 1.0                     ; 126 MB              ; 00:00:01                           ;
; Total                   ; 00:00:30     ; --                      ; --                  ; 00:00:21                           ;
+-------------------------+--------------+-------------------------+---------------------+------------------------------------+


+---------------------------------------------------------------------------------------+
; Flow OS Summary                                                                       ;
+-------------------------+------------------+------------+------------+----------------+
; Module Name             ; Machine Hostname ; OS Name    ; OS Version ; Processor type ;
+-------------------------+------------------+------------+------------+----------------+
; Analysis & Synthesis    ; cselab7-30       ; Windows XP ; 5.1        ; i1586          ;
; Fitter                  ; cselab7-30       ; Windows XP ; 5.1        ; i1586          ;
; Assembler               ; cselab7-30       ; Windows XP ; 5.1        ; i1586          ;
; Classic Timing Analyzer ; cselab7-30       ; Windows XP ; 5.1        ; i1586          ;
+-------------------------+------------------+------------+------------+----------------+


------------
; Flow Log ;
------------
quartus_map --read_settings_files=on --write_settings_files=off CacheMoney -c CacheMoney
quartus_fit --read_settings_files=off --write_settings_files=off CacheMoney -c CacheMoney
quartus_asm --read_settings_files=off --write_settings_files=off CacheMoney -c CacheMoney
quartus_tan --read_settings_files=off --write_settings_files=off CacheMoney -c CacheMoney --timing_analysis_only



